20/12/2022 08:34:05AM <> Collection: Spectrum Case (MW) <> Item: PP-Bizon | Jungle Slipstream (Minimal Wear) <> Float: 0.1032 <> Price: 0.84 <>
20/12/2022 08:34:05AM <> Collection: Spectrum Case (MW) <> Item: PP-Bizon | Jungle Slipstream (Minimal Wear) <> Float: 0.1261 <> Price: 0.84 <>
20/12/2022 08:34:05AM <> Collection: Spectrum Case (MW) <> Item: PP-Bizon | Jungle Slipstream (Minimal Wear) <> Float: 0.1022 <> Price: 0.84 <>
20/12/2022 08:34:05AM <> Collection: Spectrum Case (MW) <> Item: PP-Bizon | Jungle Slipstream (Minimal Wear) <> Float: 0.0824 <> Price: 0.84 <>
20/12/2022 08:34:05AM <> Collection: Spectrum Case (MW) <> Item: PP-Bizon | Jungle Slipstream (Minimal Wear) <> Float: 0.1129 <> Price: 0.84 <>
20/12/2022 08:33:09AM <> Collection: CS20 (FT) <> Item: Tec-9 | Flash Out (Field-Tested) <> Float: 0.1523 <> Price: 0.38 <>
20/12/2022 08:33:09AM <> Collection: CS20 (FT) <> Item: Tec-9 | Flash Out (Field-Tested) <> Float: 0.1556 <> Price: 0.38 <>
20/12/2022 08:33:09AM <> Collection: CS20 (FT) <> Item: Tec-9 | Flash Out (Field-Tested) <> Float: 0.1598 <> Price: 0.38 <>
20/12/2022 08:22:00AM <> Collection: Inferno 2018 (FT) <> Item: R8 Revolver | Nitro (Field-Tested) <> Float: 0.1543 <> Price: 0.43 <>
20/12/2022 08:17:33AM <> Collection: Inferno 2018 (FT) <> Item: R8 Revolver | Nitro (Field-Tested) <> Float: 0.1536 <> Price: 0.43 <>
20/12/2022 08:19:35AM <> Collection: Inferno 2018 (FT) <> Item: R8 Revolver | Nitro (Field-Tested) <> Float: 0.1621 <> Price: 0.43 <>
20/12/2022 08:22:00AM <> Collection: Inferno 2018 (FT) <> Item: R8 Revolver | Nitro (Field-Tested) <> Float: 0.1800 <> Price: 0.43 <>
20/12/2022 08:22:00AM <> Collection: Inferno 2018 (FT) <> Item: R8 Revolver | Nitro (Field-Tested) <> Float: 0.1567 <> Price: 0.43 <>
20/12/2022 08:22:00AM <> Collection: Bank (MW) <> Item: G3SG1 | Green Apple (Minimal Wear) <> Float: 0.0705 <> Price: 0.89 <>
20/12/2022 08:22:00AM <> Collection: Bank (MW) <> Item: G3SG1 | Green Apple (Minimal Wear) <> Float: 0.0715 <> Price: 0.89 <>
20/12/2022 08:22:00AM <> Collection: Bank (MW) <> Item: Nova | Caged Steel (Minimal Wear) <> Float: 0.0844 <> Price: 0.89 <>
21/12/2022 09:22:02AM <> Collection: Bank (MW) <> Item: G3SG1 | Green Apple (Minimal Wear) <> Float: 0.09357680380344391 <> Price: 0.86 <>
21/12/2022 09:41:26AM <> Collection: Inferno 2018 (FT) <> Item: MAC-10 | Calf Skin (Field-Tested) <> Float: 0.18097509443759918 <> Price: 0.43 <>
21/12/2022 09:50:18AM <> Collection: Bank (MW) <> Item: G3SG1 | Green Apple (Minimal Wear) <> Float: 0.08582556247711182 <> Price: 0.86 <>
21/12/2022 09:51:32AM <> Collection: Bank (MW) <> Item: Nova | Caged Steel (Minimal Wear) <> Float: 0.0886748880147934 <> Price: 0.86 <>
21/12/2022 09:52:29AM <> Collection: CS20 (FT) <> Item: MAC-10 | Classic Crate (Field-Tested) <> Float: 0.19155612587928772 <> Price: 0.37 <>
21/12/2022 09:53:11AM <> Collection: CS20 (FT) <> Item: Tec-9 | Flash Out (Field-Tested) <> Float: 0.18446208536624908 <> Price: 0.36 <>
21/12/2022 10:06:06AM <> Collection: Bank (MW) <> Item: G3SG1 | Green Apple (Minimal Wear) <> Float: 0.08081777393817902 <> Price: 0.88 <>
21/12/2022 10:06:12AM <> Collection: Bank (MW) <> Item: G3SG1 | Green Apple (Minimal Wear) <> Float: 0.08473101258277893 <> Price: 0.88 <>
21/12/2022 10:07:27AM <> Collection: Bank (MW) <> Item: Nova | Caged Steel (Minimal Wear) <> Float: 0.08215847611427307 <> Price: 0.87 <>
21/12/2022 10:07:33AM <> Collection: Bank (MW) <> Item: Nova | Caged Steel (Minimal Wear) <> Float: 0.07501577585935593 <> Price: 0.87 <>
21/12/2022 10:13:49AM <> Collection: Inferno 2018 (FT) <> Item: MAC-10 | Calf Skin (Field-Tested) <> Float: 0.32455748319625854 <> Price: 0.42 <>
21/12/2022 10:13:55AM <> Collection: Inferno 2018 (FT) <> Item: MAC-10 | Calf Skin (Field-Tested) <> Float: 0.26162880659103394 <> Price: 0.43 <>
21/12/2022 10:14:00AM <> Collection: Inferno 2018 (FT) <> Item: MAC-10 | Calf Skin (Field-Tested) <> Float: 0.2927955090999603 <> Price: 0.43 <>
21/12/2022 10:14:55AM <> Collection: Bank (MW) <> Item: G3SG1 | Green Apple (Minimal Wear) <> Float: 0.08473101258277893 <> Price: 0.88 <>
21/12/2022 10:16:06AM <> Collection: Bank (MW) <> Item: Nova | Caged Steel (Minimal Wear) <> Float: 0.07501577585935593 <> Price: 0.87 <>
21/12/2022 10:17:22AM <> Collection: CS20 (FT) <> Item: MAC-10 | Classic Crate (Field-Tested) <> Float: 0.18549607694149017 <> Price: 0.38 <>
21/12/2022 10:22:57AM <> Collection: CS20 (FT) <> Item: Dual Berettas | Elite 1.6 (Field-Tested) <> Float: 0.1871916800737381 <> Price: 0.37 <>
21/12/2022 10:25:01AM <> Collection: Spectrum Case (MW) <> Item: Five-SeveN | Capillary (Minimal Wear) <> Float: 0.12732522189617157 <> Price: 0.8 <>
21/12/2022 10:30:53AM <> Collection: Danger Zone (FT) <> Item: Tec-9 | Fubar (Field-Tested) <> Float: 0.1575389802455902 <> Price: 0.36 <>
21/12/2022 10:32:06AM <> Collection: Inferno 2018 (FT) <> Item: MAC-10 | Calf Skin (Field-Tested) <> Float: 0.19371548295021057 <> Price: 0.43 <>
21/12/2022 10:32:45AM <> Collection: Bank (MW) <> Item: G3SG1 | Green Apple (Minimal Wear) <> Float: 0.0893176719546318 <> Price: 0.85 <>
21/12/2022 10:39:35AM <> Collection: CS20 (FT) <> Item: SCAR-20 | Assault (Field-Tested) <> Float: 0.18493123352527618 <> Price: 0.36 <>
21/12/2022 10:40:00AM <> Collection: CS20 (FT) <> Item: Dual Berettas | Elite 1.6 (Field-Tested) <> Float: 0.1745203733444214 <> Price: 0.37 <>
21/12/2022 10:41:29AM <> Collection: Spectrum Case (MW) <> Item: PP-Bizon | Jungle Slipstream (Minimal Wear) <> Float: 0.1406627744436264 <> Price: 0.84 <>
21/12/2022 10:41:34AM <> Collection: Spectrum Case (MW) <> Item: PP-Bizon | Jungle Slipstream (Minimal Wear) <> Float: 0.12423266470432281 <> Price: 0.84 <>
21/12/2022 10:46:51AM <> Collection: Danger Zone (FT) <> Item: MP9 | Modest Threat (Field-Tested) <> Float: 0.16275298595428467 <> Price: 0.36 <>
21/12/2022 10:48:22AM <> Collection: Inferno 2018 (FT) <> Item: R8 Revolver | Nitro (Field-Tested) <> Float: 0.22338220477104187 <> Price: 0.42 <>
21/12/2022 10:48:44AM <> Collection: Inferno 2018 (FT) <> Item: MAC-10 | Calf Skin (Field-Tested) <> Float: 0.2645130753517151 <> Price: 0.43 <>
21/12/2022 10:51:20AM <> Collection: Bank (MW) <> Item: Nova | Caged Steel (Minimal Wear) <> Float: 0.08158107846975327 <> Price: 0.86 <>
21/12/2022 10:51:45AM <> Collection: Bank (MW) <> Item: UMP-45 | Carbon Fiber (Minimal Wear) <> Float: 0.08522942662239075 <> Price: 0.89 <>
21/12/2022 10:53:14AM <> Collection: CS20 (FT) <> Item: Tec-9 | Flash Out (Field-Tested) <> Float: 0.17677047848701477 <> Price: 0.36 <>
21/12/2022 10:59:50AM <> Collection: Spectrum Case (MW) <> Item: PP-Bizon | Jungle Slipstream (Minimal Wear) <> Float: 0.12423266470432281 <> Price: 0.84 <>
21/12/2022 11:07:08AM <> Collection: Inferno 2018 (FT) <> Item: R8 Revolver | Nitro (Field-Tested) <> Float: 0.2384004443883896 <> Price: 0.42 <>
21/12/2022 11:07:13AM <> Collection: Inferno 2018 (FT) <> Item: R8 Revolver | Nitro (Field-Tested) <> Float: 0.22830337285995483 <> Price: 0.43 <>
21/12/2022 11:28:17AM <> Collection: Inferno 2018 (FT) <> Item: R8 Revolver | Nitro (Field-Tested) <> Float: 0.2584201395511627 <> Price: 0.42 <>
21/12/2022 11:28:23AM <> Collection: Inferno 2018 (FT) <> Item: R8 Revolver | Nitro (Field-Tested) <> Float: 0.22830337285995483 <> Price: 0.43 <>
21/12/2022 11:29:19AM <> Collection: Bank (MW) <> Item: G3SG1 | Green Apple (Minimal Wear) <> Float: 0.08097772300243378 <> Price: 0.85 <>
21/12/2022 11:29:42AM <> Collection: Bank (MW) <> Item: Glock-18 | Death Rattle (Minimal Wear) <> Float: 0.08305002748966217 <> Price: 0.86 <>
21/12/2022 11:30:23AM <> Collection: Bank (MW) <> Item: Nova | Caged Steel (Minimal Wear) <> Float: 0.08225545287132263 <> Price: 0.89 <>
21/12/2022 11:40:22AM <> Collection: CS20 (FT) <> Item: FAMAS | Decommissioned (Field-Tested) <> Float: 0.17114034295082092 <> Price: 0.38 <>
21/12/2022 11:42:41AM <> Collection: Danger Zone (FT) <> Item: SG 553 | Danger Close (Field-Tested) <> Float: 0.153264120221138 <> Price: 0.32 <>
21/12/2022 11:48:25AM <> Collection: Danger Zone (FT) <> Item: Nova | Wood Fired (Field-Tested) <> Float: 0.16717147827148438 <> Price: 0.37 <>
21/12/2022 11:53:41AM <> Collection: Inferno 2018 (FT) <> Item: R8 Revolver | Nitro (Field-Tested) <> Float: 0.23707251250743866 <> Price: 0.41 <>
21/12/2022 11:53:46AM <> Collection: Inferno 2018 (FT) <> Item: R8 Revolver | Nitro (Field-Tested) <> Float: 0.22830337285995483 <> Price: 0.43 <>
21/12/2022 11:54:09AM <> Collection: Inferno 2018 (FT) <> Item: MAC-10 | Calf Skin (Field-Tested) <> Float: 0.19745886325836182 <> Price: 0.43 <>
21/12/2022 11:55:40AM <> Collection: Bank (MW) <> Item: G3SG1 | Green Apple (Minimal Wear) <> Float: 0.08539482951164246 <> Price: 0.89 <>
21/12/2022 11:58:49AM <> Collection: CS20 (FT) <> Item: Tec-9 | Flash Out (Field-Tested) <> Float: 0.18609176576137543 <> Price: 0.36 <>
21/12/2022 11:59:46AM <> Collection: CS20 (FT) <> Item: SCAR-20 | Assault (Field-Tested) <> Float: 0.17083968222141266 <> Price: 0.36 <>
21/12/2022 12:06:33PM <> Collection: CS20 (FT) <> Item: Dual Berettas | Elite 1.6 (Field-Tested) <> Float: 0.18205247819423676 <> Price: 0.39 <>
21/12/2022 12:15:24PM <> Collection: Inferno 2018 (FT) <> Item: R8 Revolver | Nitro (Field-Tested) <> Float: 0.16779769957065582 <> Price: 0.42 <>
21/12/2022 12:15:29PM <> Collection: Inferno 2018 (FT) <> Item: R8 Revolver | Nitro (Field-Tested) <> Float: 0.22830337285995483 <> Price: 0.43 <>
21/12/2022 12:18:06PM <> Collection: Bank (MW) <> Item: Nova | Caged Steel (Minimal Wear) <> Float: 0.07802948355674744 <> Price: 0.87 <>
