16/12/2022 10:38:00AM | Item: R8 Revolver | Nitro (Field-Tested) | Float: 0.22842977941036224 | Price: 0.43 |
16/12/2022 10:38:06AM | Item: R8 Revolver | Nitro (Field-Tested) | Float: 0.20050939917564392 | Price: 0.43 |
16/12/2022 10:38:15AM | Item: MAC-10 | Calf Skin (Field-Tested) | Float: 0.24003934860229492 | Price: 0.42 |
16/12/2022 10:38:47AM | Item: MAG-7 | Popdog (Field-Tested) | Float: 0.17413614690303802 | Price: 0.36 |
16/12/2022 09:47:11AM | Item: MP5-SD | Necro Jr. (Field-Tested) | Float: 0.18917933106422424 | Price: 0.37 |
16/12/2022 09:49:44AM | Item: Sawed-Off | Spirit Board (Field-Tested) | Float: 0.1621086448431015 | Price: 0.38 |
16/12/2022 09:50:42AM | Item: R8 Revolver | Nitro (Field-Tested) | Float: 0.22875413298606873 | Price: 0.42 |
16/12/2022 09:51:02AM | Item: Nova | Caged Steel (Minimal Wear) | Float: 0.08006319403648376 | Price: 0.89 |
16/12/2022 09:55:05AM | Item: MAG-7 | Foresight (Field-Tested) | Float: 0.1669469028711319 | Price: 0.38 |
16/12/2022 10:00:09AM | Item: R8 Revolver | Nitro (Field-Tested) | Float: 0.22842977941036224 | Price: 0.43 |
16/12/2022 10:00:15AM | Item: R8 Revolver | Nitro (Field-Tested) | Float: 0.20050939917564392 | Price: 0.43 |
16/12/2022 10:10:01AM | Item: R8 Revolver | Nitro (Field-Tested) | Float: 0.22842977941036224 | Price: 0.43 |
16/12/2022 10:10:07AM | Item: R8 Revolver | Nitro (Field-Tested) | Float: 0.20050939917564392 | Price: 0.43 |
16/12/2022 10:15:13AM | Item: Sawed-Off | Spirit Board (Field-Tested) | Float: 0.17179404199123383 | Price: 0.38 |
16/12/2022 10:19:58AM | Item: R8 Revolver | Nitro (Field-Tested) | Float: 0.22842977941036224 | Price: 0.43 |
16/12/2022 10:20:04AM | Item: R8 Revolver | Nitro (Field-Tested) | Float: 0.20050939917564392 | Price: 0.43 |
16/12/2022 10:30:09AM | Item: R8 Revolver | Nitro (Field-Tested) | Float: 0.22842977941036224 | Price: 0.43 |
16/12/2022 10:30:15AM | Item: R8 Revolver | Nitro (Field-Tested) | Float: 0.20050939917564392 | Price: 0.43 |
16/12/2022 10:30:34AM | Item: Nova | Caged Steel (Minimal Wear) | Float: 0.07712414115667343 | Price: 0.89 |
16/12/2022 10:31:21AM | Item: P250 | Ripple (Minimal Wear) | Float: 0.10035254806280136 | Price: 0.82 |
16/12/2022 09:44:39AM | Item: R8 Revolver | Nitro (Field-Tested) | Float: 0.21861426532268524 | Price: 0.43 |
16/12/2022 09:44:44AM | Item: R8 Revolver | Nitro (Field-Tested) | Float: 0.21699903905391693 | Price: 0.43 |
16/12/2022 09:48:09AM | Item: R8 Revolver | Nitro (Field-Tested) | Float: 0.21861426532268524 | Price: 0.43 |
16/12/2022 09:48:14AM | Item: R8 Revolver | Nitro (Field-Tested) | Float: 0.21699903905391693 | Price: 0.43 |
16/12/2022 09:48:40AM | Item: MAC-10 | Classic Crate (Field-Tested) | Float: 0.1689247190952301 | Price: 0.34 |
16/12/2022 09:49:00AM | Item: SCAR-20 | Assault (Field-Tested) | Float: 0.15681111812591553 | Price: 0.37 |
16/12/2022 09:51:56AM | Item: R8 Revolver | Nitro (Field-Tested) | Float: 0.18400250375270844 | Price: 0.4 |
16/12/2022 09:52:01AM | Item: R8 Revolver | Nitro (Field-Tested) | Float: 0.15947474539279938 | Price: 0.42 |
16/12/2022 09:55:15AM | Item: R8 Revolver | Nitro (Field-Tested) | Float: 0.15947474539279938 | Price: 0.42 |
16/12/2022 09:55:35AM | Item: Nova | Caged Steel (Minimal Wear) | Float: 0.07000696659088135 | Price: 0.89 |
16/12/2022 09:58:39AM | Item: R8 Revolver | Nitro (Field-Tested) | Float: 0.21861426532268524 | Price: 0.43 |
16/12/2022 09:58:44AM | Item: R8 Revolver | Nitro (Field-Tested) | Float: 0.21699903905391693 | Price: 0.43 |
16/12/2022 10:02:07AM | Item: R8 Revolver | Nitro (Field-Tested) | Float: 0.21861426532268524 | Price: 0.43 |
16/12/2022 10:02:12AM | Item: R8 Revolver | Nitro (Field-Tested) | Float: 0.21699903905391693 | Price: 0.43 |
16/12/2022 10:05:33AM | Item: R8 Revolver | Nitro (Field-Tested) | Float: 0.16730301082134247 | Price: 0.4 |
16/12/2022 10:09:02AM | Item: R8 Revolver | Nitro (Field-Tested) | Float: 0.21861426532268524 | Price: 0.43 |
16/12/2022 10:09:07AM | Item: R8 Revolver | Nitro (Field-Tested) | Float: 0.21699903905391693 | Price: 0.43 |
16/12/2022 10:12:24AM | Item: R8 Revolver | Nitro (Field-Tested) | Float: 0.21861426532268524 | Price: 0.43 |
16/12/2022 10:12:29AM | Item: R8 Revolver | Nitro (Field-Tested) | Float: 0.21699903905391693 | Price: 0.43 |
16/12/2022 10:15:08AM | Item: SCAR-20 | Poultrygeist (Field-Tested) | Float: 0.18429876863956451 | Price: 0.37 |
16/12/2022 12:15:36PM | Item: R8 Revolver | Nitro (Field-Tested) | Float: 0.21861426532268524 | Price: 0.43 |
16/12/2022 12:15:41PM | Item: R8 Revolver | Nitro (Field-Tested) | Float: 0.21699903905391693 | Price: 0.43 |
16/12/2022 12:33:48PM | Item: R8 Revolver | Nitro (Field-Tested) | Float: 0.19044162333011627 | Price: 0.4 |
16/12/2022 12:33:54PM | Item: R8 Revolver | Nitro (Field-Tested) | Float: 0.24557918310165405 | Price: 0.42 |
16/12/2022 01:00:11PM | Item: R8 Revolver | Nitro (Field-Tested) | Float: 0.24731513857841492 | Price: 0.4 |
16/12/2022 01:00:20PM | Item: MAC-10 | Calf Skin (Field-Tested) | Float: 0.1991247981786728 | Price: 0.41 |
16/12/2022 01:00:26PM | Item: MAC-10 | Calf Skin (Field-Tested) | Float: 0.23257049918174744 | Price: 0.42 |
16/12/2022 01:00:40PM | Item: G3SG1 | Green Apple (Minimal Wear) | Float: 0.08031073212623596 | Price: 0.88 |
16/12/2022 01:01:40PM | Item: P250 | Ripple (Minimal Wear) | Float: 0.12628649175167084 | Price: 0.82 |
16/12/2022 01:01:45PM | Item: P250 | Ripple (Minimal Wear) | Float: 0.10222563147544861 | Price: 0.83 |
16/12/2022 10:17:13PM | Item: R8 Revolver | Nitro (Field-Tested) | Float: 0.19881053268909454 | Price: 0.4 |
16/12/2022 10:17:18PM | Item: R8 Revolver | Nitro (Field-Tested) | Float: 0.2409263253211975 | Price: 0.4 |
16/12/2022 10:17:24PM | Item: R8 Revolver | Nitro (Field-Tested) | Float: 0.2279025912284851 | Price: 0.4 |
16/12/2022 10:17:30PM | Item: R8 Revolver | Nitro (Field-Tested) | Float: 0.18048489093780518 | Price: 0.41 |
16/12/2022 10:17:36PM | Item: R8 Revolver | Nitro (Field-Tested) | Float: 0.194787859916687 | Price: 0.43 |
16/12/2022 10:17:45PM | Item: MAC-10 | Calf Skin (Field-Tested) | Float: 0.2438453733921051 | Price: 0.41 |
16/12/2022 10:17:51PM | Item: MAC-10 | Calf Skin (Field-Tested) | Float: 0.22157418727874756 | Price: 0.43 |
16/12/2022 10:18:20PM | Item: Glock-18 | Death Rattle (Minimal Wear) | Float: 0.08106844872236252 | Price: 0.88 |
16/12/2022 10:18:42PM | Item: MAG-7 | Popdog (Field-Tested) | Float: 0.16862276196479797 | Price: 0.35 |
16/12/2022 10:23:20PM | Item: Dual Berettas | Elite 1.6 (Field-Tested) | Float: 0.1667121797800064 | Price: 0.36 |
16/12/2022 10:23:35PM | Item: XM1014 | Quicksilver (Field-Tested) | Float: 0.17771050333976746 | Price: 0.66 |
16/12/2022 10:23:45PM | Item: M249 | System Lock (Field-Tested) | Float: 0.27136993408203125 | Price: 0.62 |
16/12/2022 10:23:54PM | Item: SCAR-20 | Grotto (Field-Tested) | Float: 0.20321831107139587 | Price: 0.63 |
16/12/2022 10:47:51PM | Item: MAG-7 | Foresight (Field-Tested) | Float: 0.17901664972305298 | Price: 0.38 |
16/12/2022 10:53:48PM | Item: R8 Revolver | Nitro (Field-Tested) | Float: 0.1842290759086609 | Price: 0.4 |
16/12/2022 10:53:53PM | Item: R8 Revolver | Nitro (Field-Tested) | Float: 0.225041002035141 | Price: 0.4 |
16/12/2022 10:54:04PM | Item: MAC-10 | Calf Skin (Field-Tested) | Float: 0.22157418727874756 | Price: 0.43 |
16/12/2022 10:58:07PM | Item: Nova | Caged Steel (Minimal Wear) | Float: 0.07946639508008957 | Price: 0.88 |
16/12/2022 11:03:25PM | Item: XM1014 | Quicksilver (Field-Tested) | Float: 0.22394956648349762 | Price: 0.65 |
16/12/2022 11:04:04PM | Item: SCAR-20 | Blueprint (Minimal Wear) | Float: 0.07859373837709427 | Price: 0.83 |
16/12/2022 11:13:53PM | Item: MAC-10 | Ensnared (Field-Tested) | Float: 0.1715143918991089 | Price: 0.36 |
16/12/2022 11:14:05PM | Item: SCAR-20 | Poultrygeist (Field-Tested) | Float: 0.15288285911083221 | Price: 0.36 |
16/12/2022 11:28:18PM | Item: R8 Revolver | Nitro (Field-Tested) | Float: 0.2435464859008789 | Price: 0.4 |
16/12/2022 11:28:30PM | Item: MAC-10 | Calf Skin (Field-Tested) | Float: 0.24125568568706512 | Price: 0.41 |
16/12/2022 11:28:35PM | Item: MAC-10 | Calf Skin (Field-Tested) | Float: 0.20921480655670166 | Price: 0.41 |
16/12/2022 11:33:02PM | Item: Nova | Caged Steel (Minimal Wear) | Float: 0.07906722277402878 | Price: 0.88 |
16/12/2022 11:38:30PM | Item: P250 | Ripple (Minimal Wear) | Float: 0.1013544350862503 | Price: 0.8 |
16/12/2022 11:38:40PM | Item: MP7 | Akoben (Minimal Wear) | Float: 0.07017554342746735 | Price: 0.82 |
16/12/2022 11:48:40PM | Item: Five-SeveN | Scrawl (Field-Tested) | Float: 0.16650205850601196 | Price: 0.36 |
16/12/2022 11:48:47PM | Item: Five-SeveN | Scrawl (Field-Tested) | Float: 0.16280049085617065 | Price: 0.36 |
16/12/2022 11:53:15PM | Item: MAC-10 | Ensnared (Field-Tested) | Float: 0.1863788366317749 | Price: 0.37 |
17/12/2022 12:17:59AM | Item: R8 Revolver | Nitro (Field-Tested) | Float: 0.24453270435333252 | Price: 0.43 |
17/12/2022 12:18:05AM | Item: R8 Revolver | Nitro (Field-Tested) | Float: 0.23958534002304077 | Price: 0.43 |
17/12/2022 12:18:11AM | Item: R8 Revolver | Nitro (Field-Tested) | Float: 0.23532187938690186 | Price: 0.43 |
17/12/2022 12:38:14AM | Item: MAC-10 | Ensnared (Field-Tested) | Float: 0.18910424411296844 | Price: 0.37 |
17/12/2022 12:38:20AM | Item: MAC-10 | Ensnared (Field-Tested) | Float: 0.17098723351955414 | Price: 0.38 |
17/12/2022 12:43:10AM | Item: MAG-7 | Foresight (Field-Tested) | Float: 0.17831949889659882 | Price: 0.38 |
17/12/2022 12:53:45AM | Item: R8 Revolver | Nitro (Field-Tested) | Float: 0.23958534002304077 | Price: 0.43 |
17/12/2022 12:58:10AM | Item: Glock-18 | Death Rattle (Minimal Wear) | Float: 0.08283548802137375 | Price: 0.86 |
17/12/2022 01:03:36AM | Item: MP7 | Akoben (Minimal Wear) | Float: 0.10239744931459427 | Price: 0.82 |
17/12/2022 01:03:45AM | Item: PP-Bizon | Jungle Slipstream (Minimal Wear) | Float: 0.10141056030988693 | Price: 0.83 |
17/12/2022 01:08:42AM | Item: P2000 | Lifted Spirits (Field-Tested) | Float: 0.1691248118877411 | Price: 0.37 |
17/12/2022 01:08:47AM | Item: P2000 | Lifted Spirits (Field-Tested) | Float: 0.1696648746728897 | Price: 0.37 |
17/12/2022 01:08:53AM | Item: P2000 | Lifted Spirits (Field-Tested) | Float: 0.17526930570602417 | Price: 0.37 |
17/12/2022 01:09:14AM | Item: MP5-SD | Necro Jr. (Field-Tested) | Float: 0.17968542873859406 | Price: 0.38 |
17/12/2022 01:09:27AM | Item: MAC-10 | Ensnared (Field-Tested) | Float: 0.18597841262817383 | Price: 0.37 |
17/12/2022 01:09:41AM | Item: SCAR-20 | Poultrygeist (Field-Tested) | Float: 0.17098750174045563 | Price: 0.37 |
17/12/2022 01:14:01AM | Item: Sawed-Off | Spirit Board (Field-Tested) | Float: 0.16197046637535095 | Price: 0.36 |
17/12/2022 01:19:20AM | Item: R8 Revolver | Nitro (Field-Tested) | Float: 0.1887362003326416 | Price: 0.4 |
17/12/2022 01:19:25AM | Item: R8 Revolver | Nitro (Field-Tested) | Float: 0.1978810876607895 | Price: 0.4 |
17/12/2022 01:23:30AM | Item: MAC-10 | Classic Crate (Field-Tested) | Float: 0.17903642356395721 | Price: 0.37 |
17/12/2022 01:34:00AM | Item: P2000 | Lifted Spirits (Field-Tested) | Float: 0.17112694680690765 | Price: 0.37 |
17/12/2022 01:34:14AM | Item: MP5-SD | Necro Jr. (Field-Tested) | Float: 0.1814747154712677 | Price: 0.38 |
17/12/2022 01:38:05AM | Item: MAC-10 | Ensnared (Field-Tested) | Float: 0.1885189265012741 | Price: 0.37 |
17/12/2022 01:38:20AM | Item: SCAR-20 | Poultrygeist (Field-Tested) | Float: 0.1729646772146225 | Price: 0.37 |
17/12/2022 01:38:37AM | Item: MAG-7 | Foresight (Field-Tested) | Float: 0.18106184899806976 | Price: 0.37 |
17/12/2022 01:38:46AM | Item: MAG-7 | Foresight (Field-Tested) | Float: 0.1554403305053711 | Price: 0.37 |
17/12/2022 01:38:55AM | Item: Sawed-Off | Spirit Board (Field-Tested) | Float: 0.16408053040504456 | Price: 0.36 |
17/12/2022 01:43:51AM | Item: R8 Revolver | Nitro (Field-Tested) | Float: 0.24718455970287323 | Price: 0.4 |
17/12/2022 01:43:57AM | Item: R8 Revolver | Nitro (Field-Tested) | Float: 0.1978810876607895 | Price: 0.4 |
17/12/2022 01:44:02AM | Item: R8 Revolver | Nitro (Field-Tested) | Float: 0.19247330725193024 | Price: 0.4 |
17/12/2022 01:58:48AM | Item: P2000 | Lifted Spirits (Field-Tested) | Float: 0.18960043787956238 | Price: 0.37 |
17/12/2022 02:03:31AM | Item: MAC-10 | Ensnared (Field-Tested) | Float: 0.17098723351955414 | Price: 0.38 |
17/12/2022 02:03:43AM | Item: SCAR-20 | Poultrygeist (Field-Tested) | Float: 0.17251619696617126 | Price: 0.37 |
17/12/2022 02:03:48AM | Item: SCAR-20 | Poultrygeist (Field-Tested) | Float: 0.18422065675258636 | Price: 0.37 |
17/12/2022 02:03:54AM | Item: SCAR-20 | Poultrygeist (Field-Tested) | Float: 0.18431401252746582 | Price: 0.37 |
17/12/2022 02:08:53AM | Item: Sawed-Off | Spirit Board (Field-Tested) | Float: 0.16032077372074127 | Price: 0.38 |
17/12/2022 02:14:03AM | Item: R8 Revolver | Nitro (Field-Tested) | Float: 0.19382767379283905 | Price: 0.42 |
17/12/2022 02:28:58AM | Item: P2000 | Lifted Spirits (Field-Tested) | Float: 0.18893907964229584 | Price: 0.37 |
17/12/2022 02:33:40AM | Item: SCAR-20 | Poultrygeist (Field-Tested) | Float: 0.1679590344429016 | Price: 0.37 |
17/12/2022 02:33:46AM | Item: SCAR-20 | Poultrygeist (Field-Tested) | Float: 0.1785874217748642 | Price: 0.37 |
17/12/2022 02:33:51AM | Item: SCAR-20 | Poultrygeist (Field-Tested) | Float: 0.17509044706821442 | Price: 0.37 |
17/12/2022 01:06:21PM | Item: R8 Revolver | Nitro (Field-Tested) | Float: 0.15730035305023193 | Price: 0.41 |
17/12/2022 01:06:30PM | Item: R8 Revolver | Nitro (Field-Tested) | Float: 0.2268589287996292 | Price: 0.43 |
17/12/2022 01:06:35PM | Item: R8 Revolver | Nitro (Field-Tested) | Float: 0.21264739334583282 | Price: 0.43 |
17/12/2022 01:06:43PM | Item: MAC-10 | Calf Skin (Field-Tested) | Float: 0.23645687103271484 | Price: 0.41 |
17/12/2022 01:06:49PM | Item: MAC-10 | Calf Skin (Field-Tested) | Float: 0.2401961386203766 | Price: 0.42 |
17/12/2022 01:06:55PM | Item: MAC-10 | Calf Skin (Field-Tested) | Float: 0.22952823340892792 | Price: 0.43 |
17/12/2022 01:07:01PM | Item: MAC-10 | Calf Skin (Field-Tested) | Float: 0.24558429419994354 | Price: 0.43 |
17/12/2022 01:07:13PM | Item: G3SG1 | Green Apple (Minimal Wear) | Float: 0.08147230744361877 | Price: 0.88 |
17/12/2022 01:07:19PM | Item: G3SG1 | Green Apple (Minimal Wear) | Float: 0.07914659380912781 | Price: 0.89 |
17/12/2022 01:12:53PM | Item: XM1014 | Quicksilver (Field-Tested) | Float: 0.160495787858963 | Price: 0.65 |
17/12/2022 01:13:17PM | Item: MP7 | Akoben (Minimal Wear) | Float: 0.11973170936107635 | Price: 0.81 |
17/12/2022 01:13:23PM | Item: MP7 | Akoben (Minimal Wear) | Float: 0.08695225417613983 | Price: 0.83 |
17/12/2022 01:47:33PM | Item: MP9 | Modest Threat (Field-Tested) | Float: 0.15149948000907898 | Price: 0.34 |
17/12/2022 01:48:18PM | Item: R8 Revolver | Nitro (Field-Tested) | Float: 0.22665825486183167 | Price: 0.43 |
17/12/2022 01:48:24PM | Item: R8 Revolver | Nitro (Field-Tested) | Float: 0.2268589287996292 | Price: 0.43 |
17/12/2022 01:48:33PM | Item: MAC-10 | Calf Skin (Field-Tested) | Float: 0.2348005324602127 | Price: 0.42 |
17/12/2022 01:48:38PM | Item: MAC-10 | Calf Skin (Field-Tested) | Float: 0.24558429419994354 | Price: 0.43 |
17/12/2022 01:48:52PM | Item: G3SG1 | Green Apple (Minimal Wear) | Float: 0.07914659380912781 | Price: 0.89 |
17/12/2022 01:52:58PM | Item: Tec-9 | Flash Out (Field-Tested) | Float: 0.15744410455226898 | Price: 0.37 |
17/12/2022 01:53:50PM | Item: MP7 | Akoben (Minimal Wear) | Float: 0.08695225417613983 | Price: 0.83 |
17/12/2022 01:53:56PM | Item: MP7 | Akoben (Minimal Wear) | Float: 0.1048993244767189 | Price: 0.83 |
17/12/2022 02:19:13PM | Item: R8 Revolver | Nitro (Field-Tested) | Float: 0.2268589287996292 | Price: 0.43 |
17/12/2022 02:22:31PM | Item: MAC-10 | Calf Skin (Field-Tested) | Float: 0.19930925965309143 | Price: 0.43 |
17/12/2022 02:23:01PM | Item: Nova | Caged Steel (Minimal Wear) | Float: 0.08379043638706207 | Price: 0.88 |
17/12/2022 02:28:06PM | Item: XM1014 | Quicksilver (Field-Tested) | Float: 0.18231049180030823 | Price: 0.62 |
17/12/2022 02:28:27PM | Item: MP7 | Akoben (Minimal Wear) | Float: 0.1048993244767189 | Price: 0.83 |
17/12/2022 02:48:27PM | Item: MAG-7 | Foresight (Field-Tested) | Float: 0.16943538188934326 | Price: 0.37 |
17/12/2022 02:58:38PM | Item: R8 Revolver | Nitro (Field-Tested) | Float: 0.24910205602645874 | Price: 0.43 |
17/12/2022 03:02:40PM | Item: G3SG1 | Green Apple (Minimal Wear) | Float: 0.07846031337976456 | Price: 0.88 |
17/12/2022 03:02:45PM | Item: G3SG1 | Green Apple (Minimal Wear) | Float: 0.07350084185600281 | Price: 0.88 |
17/12/2022 03:03:11PM | Item: Nova | Caged Steel (Minimal Wear) | Float: 0.08326397091150284 | Price: 0.87 |
17/12/2022 03:03:17PM | Item: Nova | Caged Steel (Minimal Wear) | Float: 0.07339584827423096 | Price: 0.87 |
17/12/2022 03:03:23PM | Item: Nova | Caged Steel (Minimal Wear) | Float: 0.08295463770627975 | Price: 0.87 |
17/12/2022 03:03:29PM | Item: Nova | Caged Steel (Minimal Wear) | Float: 0.07964860647916794 | Price: 0.88 |
17/12/2022 03:03:35PM | Item: Nova | Caged Steel (Minimal Wear) | Float: 0.08461277186870575 | Price: 0.89 |
17/12/2022 03:04:07PM | Item: SCAR-20 | Assault (Field-Tested) | Float: 0.1620977222919464 | Price: 0.38 |
17/12/2022 03:08:01PM | Item: MP7 | Akoben (Minimal Wear) | Float: 0.12001795321702957 | Price: 0.81 |
17/12/2022 03:13:13PM | Item: P2000 | Lifted Spirits (Field-Tested) | Float: 0.17069268226623535 | Price: 0.38 |
17/12/2022 03:33:11PM | Item: Sawed-Off | Spirit Board (Field-Tested) | Float: 0.18000993132591248 | Price: 0.38 |
17/12/2022 03:38:15PM | Item: R8 Revolver | Nitro (Field-Tested) | Float: 0.23401454091072083 | Price: 0.43 |
17/12/2022 03:38:24PM | Item: MAC-10 | Calf Skin (Field-Tested) | Float: 0.2374134063720703 | Price: 0.4 |
17/12/2022 03:38:31PM | Item: MAC-10 | Calf Skin (Field-Tested) | Float: 0.2124912291765213 | Price: 0.42 |
17/12/2022 03:38:36PM | Item: MAC-10 | Calf Skin (Field-Tested) | Float: 0.18138425052165985 | Price: 0.42 |
17/12/2022 03:38:41PM | Item: MAC-10 | Calf Skin (Field-Tested) | Float: 0.1607179343700409 | Price: 0.43 |
17/12/2022 03:38:47PM | Item: MAC-10 | Calf Skin (Field-Tested) | Float: 0.21915937960147858 | Price: 0.43 |
17/12/2022 03:39:01PM | Item: G3SG1 | Green Apple (Minimal Wear) | Float: 0.07350084185600281 | Price: 0.88 |
17/12/2022 03:42:51PM | Item: Nova | Caged Steel (Minimal Wear) | Float: 0.0809250995516777 | Price: 0.87 |
17/12/2022 03:42:57PM | Item: Nova | Caged Steel (Minimal Wear) | Float: 0.07339584827423096 | Price: 0.87 |
17/12/2022 03:43:03PM | Item: Nova | Caged Steel (Minimal Wear) | Float: 0.07964860647916794 | Price: 0.88 |
17/12/2022 03:48:09PM | Item: P2000 | Lifted Spirits (Field-Tested) | Float: 0.1756988763809204 | Price: 0.38 |
17/12/2022 03:48:16PM | Item: P2000 | Lifted Spirits (Field-Tested) | Float: 0.1811732053756714 | Price: 0.38 |
17/12/2022 03:52:38PM | Item: MP5-SD | Necro Jr. (Field-Tested) | Float: 0.16678079962730408 | Price: 0.37 |
17/12/2022 03:52:44PM | Item: MP5-SD | Necro Jr. (Field-Tested) | Float: 0.17275728285312653 | Price: 0.37 |
17/12/2022 03:52:50PM | Item: MP5-SD | Necro Jr. (Field-Tested) | Float: 0.16273753345012665 | Price: 0.37 |
17/12/2022 03:53:05PM | Item: SCAR-20 | Poultrygeist (Field-Tested) | Float: 0.16417847573757172 | Price: 0.37 |
17/12/2022 03:53:20PM | Item: MAG-7 | Foresight (Field-Tested) | Float: 0.17830441892147064 | Price: 0.37 |
17/12/2022 04:03:09PM | Item: R8 Revolver | Nitro (Field-Tested) | Float: 0.24550098180770874 | Price: 0.43 |
17/12/2022 04:03:28PM | Item: G3SG1 | Green Apple (Minimal Wear) | Float: 0.08040586858987808 | Price: 0.86 |
17/12/2022 04:07:50PM | Item: Nova | Caged Steel (Minimal Wear) | Float: 0.07339584827423096 | Price: 0.87 |
17/12/2022 04:08:25PM | Item: SCAR-20 | Assault (Field-Tested) | Float: 0.16579395532608032 | Price: 0.38 |
17/12/2022 04:23:07PM | Item: P2000 | Lifted Spirits (Field-Tested) | Float: 0.17494656145572662 | Price: 0.38 |
17/12/2022 04:23:22PM | Item: MP5-SD | Necro Jr. (Field-Tested) | Float: 0.16967043280601501 | Price: 0.37 |
17/12/2022 04:23:27PM | Item: MP5-SD | Necro Jr. (Field-Tested) | Float: 0.17275728285312653 | Price: 0.37 |
17/12/2022 04:28:22PM | Item: MAG-7 | Foresight (Field-Tested) | Float: 0.1622038334608078 | Price: 0.37 |
17/12/2022 04:28:28PM | Item: MAG-7 | Foresight (Field-Tested) | Float: 0.1837628334760666 | Price: 0.37 |
17/12/2022 04:38:11PM | Item: R8 Revolver | Nitro (Field-Tested) | Float: 0.20373043417930603 | Price: 0.42 |
17/12/2022 04:38:21PM | Item: MAC-10 | Calf Skin (Field-Tested) | Float: 0.16371381282806396 | Price: 0.4 |
17/12/2022 04:38:32PM | Item: G3SG1 | Green Apple (Minimal Wear) | Float: 0.08005484193563461 | Price: 0.86 |
17/12/2022 04:38:41PM | Item: Glock-18 | Death Rattle (Minimal Wear) | Float: 0.08022706210613251 | Price: 0.86 |
17/12/2022 04:43:19PM | Item: FAMAS | Decommissioned (Field-Tested) | Float: 0.17507678270339966 | Price: 0.38 |
18/12/2022 02:10:56AM | Item: R8 Revolver | Nitro (Field-Tested) | Float: 0.24129706621170044 | Price: 0.43 |
18/12/2022 02:12:08AM | Item: Tec-9 | Flash Out (Field-Tested) | Float: 0.15614427626132965 | Price: 0.37 |
18/12/2022 02:12:48AM | Item: M249 | System Lock (Field-Tested) | Float: 0.26700446009635925 | Price: 0.66 |
18/12/2022 02:12:53AM | Item: M249 | System Lock (Field-Tested) | Float: 0.28268325328826904 | Price: 0.66 |
18/12/2022 02:12:59AM | Item: M249 | System Lock (Field-Tested) | Float: 0.24396979808807373 | Price: 0.66 |
18/12/2022 02:13:05AM | Item: M249 | System Lock (Field-Tested) | Float: 0.222845658659935 | Price: 0.66 |
18/12/2022 02:13:13AM | Item: SCAR-20 | Grotto (Field-Tested) | Float: 0.20685188472270966 | Price: 0.64 |
18/12/2022 02:13:26AM | Item: P250 | Ripple (Minimal Wear) | Float: 0.09556592255830765 | Price: 0.82 |
18/12/2022 02:26:55AM | Item: MAC-10 | Ensnared (Field-Tested) | Float: 0.17345395684242249 | Price: 0.38 |
18/12/2022 02:47:33AM | Item: R8 Revolver | Nitro (Field-Tested) | Float: 0.24533085525035858 | Price: 0.43 |
18/12/2022 02:47:43AM | Item: MAC-10 | Calf Skin (Field-Tested) | Float: 0.2439945489168167 | Price: 0.43 |
18/12/2022 02:56:53AM | Item: Dual Berettas | Elite 1.6 (Field-Tested) | Float: 0.15993644297122955 | Price: 0.38 |
18/12/2022 02:57:09AM | Item: M249 | System Lock (Field-Tested) | Float: 0.222845658659935 | Price: 0.66 |
18/12/2022 12:34:46PM | Item: R8 Revolver | Nitro (Field-Tested) | Float: 0.16931968927383423 | Price: 0.41 |
18/12/2022 12:34:53PM | Item: R8 Revolver | Nitro (Field-Tested) | Float: 0.15990886092185974 | Price: 0.41 |
18/12/2022 12:35:00PM | Item: R8 Revolver | Nitro (Field-Tested) | Float: 0.21550677716732025 | Price: 0.43 |
18/12/2022 12:35:10PM | Item: MAC-10 | Calf Skin (Field-Tested) | Float: 0.24175190925598145 | Price: 0.42 |
18/12/2022 12:35:15PM | Item: MAC-10 | Calf Skin (Field-Tested) | Float: 0.20123295485973358 | Price: 0.42 |
18/12/2022 12:40:24PM | Item: Tec-9 | Flash Out (Field-Tested) | Float: 0.15931184589862823 | Price: 0.37 |
18/12/2022 12:41:13PM | Item: SCAR-20 | Grotto (Field-Tested) | Float: 0.19784089922904968 | Price: 0.64 |
18/12/2022 12:41:44PM | Item: P250 | Ripple (Minimal Wear) | Float: 0.0857919454574585 | Price: 0.83 |
18/12/2022 12:41:57PM | Item: PP-Bizon | Jungle Slipstream (Minimal Wear) | Float: 0.119196318089962 | Price: 0.81 |
18/12/2022 03:02:43PM | Item: R8 Revolver | Nitro (Field-Tested) | Float: 0.22943967580795288 | Price: 0.43 |
18/12/2022 03:02:55PM | Item: MAC-10 | Calf Skin (Field-Tested) | Float: 0.17619211971759796 | Price: 0.43 |
18/12/2022 03:03:00PM | Item: MAC-10 | Calf Skin (Field-Tested) | Float: 0.22741439938545227 | Price: 0.43 |
18/12/2022 03:03:40PM | Item: Nova | Caged Steel (Minimal Wear) | Float: 0.07152878493070602 | Price: 0.87 |
18/12/2022 03:04:07PM | Item: Tec-9 | Flash Out (Field-Tested) | Float: 0.17567691206932068 | Price: 0.37 |
18/12/2022 03:05:02PM | Item: XM1014 | Quicksilver (Field-Tested) | Float: 0.2057734876871109 | Price: 0.64 |
18/12/2022 03:05:08PM | Item: XM1014 | Quicksilver (Field-Tested) | Float: 0.1648331880569458 | Price: 0.64 |
18/12/2022 03:05:30PM | Item: P250 | Ripple (Minimal Wear) | Float: 0.09260819852352142 | Price: 0.83 |
18/12/2022 03:05:35PM | Item: P250 | Ripple (Minimal Wear) | Float: 0.11204420030117035 | Price: 0.83 |
18/12/2022 03:05:41PM | Item: P250 | Ripple (Minimal Wear) | Float: 0.09882698208093643 | Price: 0.84 |
18/12/2022 03:05:53PM | Item: PP-Bizon | Jungle Slipstream (Minimal Wear) | Float: 0.07361134886741638 | Price: 0.83 |
18/12/2022 03:23:35PM | Item: R8 Revolver | Nitro (Field-Tested) | Float: 0.19802576303482056 | Price: 0.43 |
18/12/2022 03:24:13PM | Item: MAC-10 | Calf Skin (Field-Tested) | Float: 0.18514324724674225 | Price: 0.41 |
18/12/2022 03:24:19PM | Item: MAC-10 | Calf Skin (Field-Tested) | Float: 0.18491151928901672 | Price: 0.41 |
18/12/2022 03:24:25PM | Item: MAC-10 | Calf Skin (Field-Tested) | Float: 0.22741439938545227 | Price: 0.43 |
18/12/2022 03:25:35PM | Item: G3SG1 | Green Apple (Minimal Wear) | Float: 0.07321605086326599 | Price: 0.85 |
18/12/2022 03:36:26PM | Item: SCAR-20 | Assault (Field-Tested) | Float: 0.17234930396080017 | Price: 0.36 |
18/12/2022 03:41:17PM | Item: XM1014 | Quicksilver (Field-Tested) | Float: 0.1648331880569458 | Price: 0.64 |
18/12/2022 03:52:41PM | Item: P2000 | Lifted Spirits (Field-Tested) | Float: 0.16723541915416718 | Price: 0.37 |
18/12/2022 04:32:34PM | Item: MAG-7 | Foresight (Field-Tested) | Float: 0.174554705619812 | Price: 0.38 |
18/12/2022 05:03:17PM | Item: R8 Revolver | Nitro (Field-Tested) | Float: 0.22821854054927826 | Price: 0.43 |
18/12/2022 05:03:24PM | Item: R8 Revolver | Nitro (Field-Tested) | Float: 0.21493761241436005 | Price: 0.43 |
18/12/2022 05:05:07PM | Item: G3SG1 | Green Apple (Minimal Wear) | Float: 0.08087895810604095 | Price: 0.85 |
18/12/2022 05:09:38PM | Item: Nova | Caged Steel (Minimal Wear) | Float: 0.08070684969425201 | Price: 0.86 |
18/12/2022 05:09:44PM | Item: Nova | Caged Steel (Minimal Wear) | Float: 0.07905495911836624 | Price: 0.86 |
18/12/2022 05:09:49PM | Item: Nova | Caged Steel (Minimal Wear) | Float: 0.08260893076658249 | Price: 0.86 |
18/12/2022 05:10:59PM | Item: MAG-7 | Popdog (Field-Tested) | Float: 0.16371475160121918 | Price: 0.37 |
18/12/2022 05:20:54PM | Item: Dual Berettas | Elite 1.6 (Field-Tested) | Float: 0.15599921345710754 | Price: 0.38 |
18/12/2022 05:22:36PM | Item: XM1014 | Quicksilver (Field-Tested) | Float: 0.21684031188488007 | Price: 0.62 |
18/12/2022 05:22:41PM | Item: XM1014 | Quicksilver (Field-Tested) | Float: 0.21425549685955048 | Price: 0.62 |
18/12/2022 05:25:28PM | Item: P250 | Ripple (Minimal Wear) | Float: 0.11357836425304413 | Price: 0.84 |
18/12/2022 05:26:06PM | Item: MP7 | Akoben (Minimal Wear) | Float: 0.07830208539962769 | Price: 0.8 |
18/12/2022 05:26:43PM | Item: PP-Bizon | Jungle Slipstream (Minimal Wear) | Float: 0.1013740822672844 | Price: 0.83 |
18/12/2022 05:48:59PM | Item: MP5-SD | Necro Jr. (Field-Tested) | Float: 0.16275140643119812 | Price: 0.37 |
18/12/2022 05:49:39PM | Item: MAC-10 | Ensnared (Field-Tested) | Float: 0.17393510043621063 | Price: 0.38 |
18/12/2022 05:50:19PM | Item: SCAR-20 | Poultrygeist (Field-Tested) | Float: 0.15222817659378052 | Price: 0.37 |
18/12/2022 06:19:09PM | Item: MP9 | Modest Threat (Field-Tested) | Float: 0.15907585620880127 | Price: 0.36 |
18/12/2022 06:26:16PM | Item: R8 Revolver | Nitro (Field-Tested) | Float: 0.21493761241436005 | Price: 0.43 |
18/12/2022 06:26:21PM | Item: R8 Revolver | Nitro (Field-Tested) | Float: 0.19717684388160706 | Price: 0.43 |
18/12/2022 06:26:59PM | Item: MAC-10 | Calf Skin (Field-Tested) | Float: 0.19172149896621704 | Price: 0.41 |
18/12/2022 06:27:05PM | Item: MAC-10 | Calf Skin (Field-Tested) | Float: 0.2118980586528778 | Price: 0.42 |
18/12/2022 06:28:15PM | Item: G3SG1 | Green Apple (Minimal Wear) | Float: 0.0802256241440773 | Price: 0.85 |
18/12/2022 06:32:38PM | Item: Nova | Caged Steel (Minimal Wear) | Float: 0.08274809271097183 | Price: 0.88 |
18/12/2022 06:32:44PM | Item: Nova | Caged Steel (Minimal Wear) | Float: 0.08464452624320984 | Price: 0.88 |
18/12/2022 06:48:01PM | Item: P250 | Ripple (Minimal Wear) | Float: 0.09759341180324554 | Price: 0.81 |
18/12/2022 06:48:06PM | Item: P250 | Ripple (Minimal Wear) | Float: 0.08160800486803055 | Price: 0.83 |
18/12/2022 06:48:11PM | Item: P250 | Ripple (Minimal Wear) | Float: 0.10906632244586945 | Price: 0.84 |
18/12/2022 06:49:22PM | Item: PP-Bizon | Jungle Slipstream (Minimal Wear) | Float: 0.0911446362733841 | Price: 0.8 |
18/12/2022 06:50:32PM | Item: Five-SeveN | Capillary (Minimal Wear) | Float: 0.10260970145463943 | Price: 0.75 |
18/12/2022 06:50:37PM | Item: Five-SeveN | Capillary (Minimal Wear) | Float: 0.07289808243513107 | Price: 0.77 |
18/12/2022 08:32:58PM | Item: R8 Revolver | Nitro (Field-Tested) | Float: 0.19717684388160706 | Price: 0.43 |
18/12/2022 08:34:41PM | Item: G3SG1 | Green Apple (Minimal Wear) | Float: 0.07694152742624283 | Price: 0.85 |
18/12/2022 08:37:01PM | Item: Nova | Caged Steel (Minimal Wear) | Float: 0.08141706138849258 | Price: 0.87 |
18/12/2022 08:37:06PM | Item: Nova | Caged Steel (Minimal Wear) | Float: 0.08266817778348923 | Price: 0.88 |
18/12/2022 08:38:46PM | Item: MAC-10 | Classic Crate (Field-Tested) | Float: 0.17798665165901184 | Price: 0.37 |
18/12/2022 08:50:45PM | Item: M249 | System Lock (Field-Tested) | Float: 0.23850016295909882 | Price: 0.64 |
18/12/2022 08:54:02PM | Item: PP-Bizon | Jungle Slipstream (Minimal Wear) | Float: 0.08588875085115433 | Price: 0.82 |
18/12/2022 09:17:38PM | Item: MP5-SD | Necro Jr. (Field-Tested) | Float: 0.16754472255706787 | Price: 0.38 |
18/12/2022 09:26:21PM | Item: R8 Revolver | Nitro (Field-Tested) | Float: 0.2258106917142868 | Price: 0.43 |
18/12/2022 09:26:26PM | Item: R8 Revolver | Nitro (Field-Tested) | Float: 0.24835719168186188 | Price: 0.43 |
18/12/2022 09:27:28PM | Item: G3SG1 | Green Apple (Minimal Wear) | Float: 0.07482079416513443 | Price: 0.85 |
18/12/2022 09:36:58PM | Item: SCAR-20 | Grotto (Field-Tested) | Float: 0.17699715495109558 | Price: 0.63 |
18/12/2022 09:45:39PM | Item: P2000 | Lifted Spirits (Field-Tested) | Float: 0.16173087060451508 | Price: 0.36 |
18/12/2022 10:13:59PM | Item: MAG-7 | Foresight (Field-Tested) | Float: 0.17402805387973785 | Price: 0.38 |
18/12/2022 10:51:23PM | Item: Tec-9 | Fubar (Field-Tested) | Float: 0.15579791367053986 | Price: 0.36 |
18/12/2022 10:54:39PM | Item: R8 Revolver | Nitro (Field-Tested) | Float: 0.19748897850513458 | Price: 0.43 |
18/12/2022 11:01:37PM | Item: SCAR-20 | Assault (Field-Tested) | Float: 0.1797756850719452 | Price: 0.38 |
18/12/2022 11:04:16PM | Item: XM1014 | Quicksilver (Field-Tested) | Float: 0.19820180535316467 | Price: 0.65 |
18/12/2022 11:20:42PM | Item: Five-SeveN | Scrawl (Field-Tested) | Float: 0.1790991872549057 | Price: 0.36 |
19/12/2022 07:34:02AM | Item: R8 Revolver | Nitro (Field-Tested) | Float: 0.2390366643667221 | Price: 0.41 |
19/12/2022 07:38:11AM | Item: Nova | Caged Steel (Minimal Wear) | Float: 0.08370020240545273 | Price: 0.89 |
19/12/2022 07:34:23AM | Item: Dual Berettas | Elite 1.6 (Field-Tested) | Float: 0.16933420300483704 | Price: 0.38 |
19/12/2022 07:35:52AM | Item: SCAR-20 | Grotto (Field-Tested) | Float: 0.23168446123600006 | Price: 0.64 |
19/12/2022 07:37:24AM | Item: PP-Bizon | Jungle Slipstream (Minimal Wear) | Float: 0.1164216548204422 | Price: 0.84 |
19/12/2022 08:16:08AM | Item: Sawed-Off | Spirit Board (Field-Tested) | Float: 0.17117099463939667 | Price: 0.36 |
19/12/2022 08:24:55AM | Item: Tec-9 | Fubar (Field-Tested) | Float: 0.16468121111392975 | Price: 0.34 |
19/12/2022 08:27:54AM | Item: R8 Revolver | Nitro (Field-Tested) | Float: 0.15682540833950043 | Price: 0.41 |
19/12/2022 08:28:01AM | Item: R8 Revolver | Nitro (Field-Tested) | Float: 0.19354380667209625 | Price: 0.41 |
19/12/2022 08:28:25AM | Item: MAC-10 | Calf Skin (Field-Tested) | Float: 0.17132651805877686 | Price: 0.42 |
19/12/2022 07:33:55AM | Item: Tec-9 | Flash Out (Field-Tested) | Float: 0.15751804411411285 | Price: 0.38 |
19/12/2022 07:39:38AM | Item: PP-Bizon | Jungle Slipstream (Minimal Wear) | Float: 0.08724228292703629 | Price: 0.81 |
19/12/2022 07:51:44AM | Item: Five-SeveN | Scrawl (Field-Tested) | Float: 0.17140847444534302 | Price: 0.36 |
19/12/2022 07:52:08AM | Item: MP5-SD | Necro Jr. (Field-Tested) | Float: 0.18257832527160645 | Price: 0.36 |
19/12/2022 08:13:33AM | Item: Sawed-Off | Spirit Board (Field-Tested) | Float: 0.17117099463939667 | Price: 0.36 |
19/12/2022 08:21:43AM | Item: Tec-9 | Fubar (Field-Tested) | Float: 0.16468121111392975 | Price: 0.34 |
19/12/2022 08:24:38AM | Item: R8 Revolver | Nitro (Field-Tested) | Float: 0.15682540833950043 | Price: 0.41 |
19/12/2022 08:24:44AM | Item: R8 Revolver | Nitro (Field-Tested) | Float: 0.19354380667209625 | Price: 0.41 |
19/12/2022 08:25:06AM | Item: MAC-10 | Calf Skin (Field-Tested) | Float: 0.24060893058776855 | Price: 0.42 |
19/12/2022 08:32:28AM | Item: SCAR-20 | Assault (Field-Tested) | Float: 0.16094236075878143 | Price: 0.38 |
19/12/2022 08:32:34AM | Item: SCAR-20 | Assault (Field-Tested) | Float: 0.16152024269104004 | Price: 0.38 |
19/12/2022 08:12:50AM | Item: Sawed-Off | Spirit Board (Field-Tested) | Float: 0.17044460773468018 | Price: 0.34 |
19/12/2022 08:21:07AM | Item: Tec-9 | Fubar (Field-Tested) | Float: 0.16468121111392975 | Price: 0.34 |
19/12/2022 08:24:07AM | Item: R8 Revolver | Nitro (Field-Tested) | Float: 0.15682540833950043 | Price: 0.41 |
19/12/2022 08:24:13AM | Item: R8 Revolver | Nitro (Field-Tested) | Float: 0.19354380667209625 | Price: 0.41 |
19/12/2022 08:24:36AM | Item: MAC-10 | Calf Skin (Field-Tested) | Float: 0.23689782619476318 | Price: 0.41 |
19/12/2022 10:48:48AM | Item: R8 Revolver | Nitro (Field-Tested) | Float: 0.21458201110363007 | Price: 0.41 |
19/12/2022 10:48:53AM | Item: R8 Revolver | Nitro (Field-Tested) | Float: 0.2424093335866928 | Price: 0.41 |
19/12/2022 10:48:59AM | Item: R8 Revolver | Nitro (Field-Tested) | Float: 0.24425606429576874 | Price: 0.41 |
19/12/2022 10:56:45AM | Item: SCAR-20 | Assault (Field-Tested) | Float: 0.1728794127702713 | Price: 0.37 |
19/12/2022 11:23:07AM | Item: R8 Revolver | Nitro (Field-Tested) | Float: 0.18791376054286957 | Price: 0.41 |
19/12/2022 11:27:11AM | Item: G3SG1 | Green Apple (Minimal Wear) | Float: 0.08175259083509445 | Price: 0.89 |
19/12/2022 11:30:44AM | Item: Tec-9 | Flash Out (Field-Tested) | Float: 0.15696896612644196 | Price: 0.38 |
19/12/2022 11:51:08AM | Item: Five-SeveN | Scrawl (Field-Tested) | Float: 0.18151089549064636 | Price: 0.38 |
19/12/2022 12:29:40PM | Item: MP9 | Modest Threat (Field-Tested) | Float: 0.15534186363220215 | Price: 0.36 |
19/12/2022 05:26:35PM | Item: R8 Revolver | Nitro (Field-Tested) | Float: 0.2331242710351944 | Price: 0.43 |
19/12/2022 05:33:01PM | Item: Nova | Caged Steel (Minimal Wear) | Float: 0.07953661680221558 | Price: 0.86 |
19/12/2022 05:37:49PM | Item: SCAR-20 | Assault (Field-Tested) | Float: 0.16278821229934692 | Price: 0.38 |
19/12/2022 05:40:49PM | Item: PP-Bizon | Jungle Slipstream (Minimal Wear) | Float: 0.10854648053646088 | Price: 0.77 |
19/12/2022 05:50:06PM | Item: R8 Revolver | Nitro (Field-Tested) | Float: 0.23773804306983948 | Price: 0.41 |
19/12/2022 05:50:12PM | Item: R8 Revolver | Nitro (Field-Tested) | Float: 0.15967945754528046 | Price: 0.41 |
19/12/2022 05:50:17PM | Item: R8 Revolver | Nitro (Field-Tested) | Float: 0.18006831407546997 | Price: 0.41 |
19/12/2022 05:50:23PM | Item: R8 Revolver | Nitro (Field-Tested) | Float: 0.247491717338562 | Price: 0.41 |
19/12/2022 05:50:29PM | Item: R8 Revolver | Nitro (Field-Tested) | Float: 0.20453298091888428 | Price: 0.41 |
19/12/2022 05:50:34PM | Item: R8 Revolver | Nitro (Field-Tested) | Float: 0.2371659129858017 | Price: 0.41 |
19/12/2022 05:55:23PM | Item: Nova | Caged Steel (Minimal Wear) | Float: 0.08448270708322525 | Price: 0.89 |
19/12/2022 06:02:31PM | Item: P250 | Ripple (Minimal Wear) | Float: 0.12135347723960876 | Price: 0.83 |
19/12/2022 06:12:02PM | Item: R8 Revolver | Nitro (Field-Tested) | Float: 0.1832694560289383 | Price: 0.41 |
19/12/2022 06:12:07PM | Item: R8 Revolver | Nitro (Field-Tested) | Float: 0.247491717338562 | Price: 0.41 |
19/12/2022 06:12:13PM | Item: R8 Revolver | Nitro (Field-Tested) | Float: 0.2371659129858017 | Price: 0.41 |
19/12/2022 06:12:56PM | Item: G3SG1 | Green Apple (Minimal Wear) | Float: 0.07624626159667969 | Price: 0.85 |
19/12/2022 06:15:14PM | Item: Nova | Caged Steel (Minimal Wear) | Float: 0.08349055051803589 | Price: 0.89 |
19/12/2022 06:34:48PM | Item: R8 Revolver | Nitro (Field-Tested) | Float: 0.23277738690376282 | Price: 0.43 |
19/12/2022 06:36:00PM | Item: G3SG1 | Green Apple (Minimal Wear) | Float: 0.07153679430484772 | Price: 0.85 |
19/12/2022 06:37:45PM | Item: Nova | Caged Steel (Minimal Wear) | Float: 0.07387461513280869 | Price: 0.88 |
19/12/2022 06:43:42PM | Item: Dual Berettas | Elite 1.6 (Field-Tested) | Float: 0.16529619693756104 | Price: 0.38 |
19/12/2022 06:43:48PM | Item: Dual Berettas | Elite 1.6 (Field-Tested) | Float: 0.15346211194992065 | Price: 0.38 |
19/12/2022 06:55:03PM | Item: R8 Revolver | Nitro (Field-Tested) | Float: 0.24176041781902313 | Price: 0.43 |
19/12/2022 06:55:26PM | Item: MAC-10 | Calf Skin (Field-Tested) | Float: 0.1868399977684021 | Price: 0.43 |
19/12/2022 07:03:40PM | Item: SCAR-20 | Assault (Field-Tested) | Float: 0.15275971591472626 | Price: 0.37 |
19/12/2022 07:03:45PM | Item: SCAR-20 | Assault (Field-Tested) | Float: 0.17337928712368011 | Price: 0.37 |
19/12/2022 07:04:26PM | Item: Dual Berettas | Elite 1.6 (Field-Tested) | Float: 0.15346211194992065 | Price: 0.38 |
19/12/2022 07:13:19PM | Item: Sawed-Off | Black Sand (Field-Tested) | Float: 0.16472311317920685 | Price: 0.36 |
19/12/2022 07:13:24PM | Item: Sawed-Off | Black Sand (Field-Tested) | Float: 0.16164694726467133 | Price: 0.36 |
19/12/2022 07:16:34PM | Item: R8 Revolver | Nitro (Field-Tested) | Float: 0.24422822892665863 | Price: 0.43 |
19/12/2022 07:29:21PM | Item: Dual Berettas | Elite 1.6 (Field-Tested) | Float: 0.17994478344917297 | Price: 0.38 |
19/12/2022 07:33:37PM | Item: MP9 | Modest Threat (Field-Tested) | Float: 0.1526692509651184 | Price: 0.36 |
19/12/2022 07:37:28PM | Item: R8 Revolver | Nitro (Field-Tested) | Float: 0.15676556527614594 | Price: 0.43 |
19/12/2022 07:37:33PM | Item: R8 Revolver | Nitro (Field-Tested) | Float: 0.1997194141149521 | Price: 0.43 |
19/12/2022 07:40:12PM | Item: Glock-18 | Death Rattle (Minimal Wear) | Float: 0.0801941305398941 | Price: 0.86 |
19/12/2022 07:51:18PM | Item: SG 553 | Danger Close (Field-Tested) | Float: 0.15803278982639313 | Price: 0.32 |
19/12/2022 07:56:48PM | Item: MP9 | Modest Threat (Field-Tested) | Float: 0.15273645520210266 | Price: 0.36 |
19/12/2022 08:00:24PM | Item: R8 Revolver | Nitro (Field-Tested) | Float: 0.2058248519897461 | Price: 0.41 |
19/12/2022 08:05:09PM | Item: Tec-9 | Flash Out (Field-Tested) | Float: 0.1714422106742859 | Price: 0.36 |
19/12/2022 11:41:37PM | Item: R8 Revolver | Nitro (Field-Tested) | Float: 0.2301085889339447 | Price: 0.43 |
19/12/2022 11:42:02PM | Item: MAC-10 | Calf Skin (Field-Tested) | Float: 0.23125618696212769 | Price: 0.42 |
19/12/2022 11:42:08PM | Item: MAC-10 | Calf Skin (Field-Tested) | Float: 0.2224346250295639 | Price: 0.42 |
19/12/2022 11:42:13PM | Item: MAC-10 | Calf Skin (Field-Tested) | Float: 0.2327692210674286 | Price: 0.42 |
19/12/2022 11:49:24PM | Item: SCAR-20 | Assault (Field-Tested) | Float: 0.1647389978170395 | Price: 0.35 |
19/12/2022 11:53:50PM | Item: PP-Bizon | Jungle Slipstream (Minimal Wear) | Float: 0.11474413424730301 | Price: 0.82 |
19/12/2022 11:53:56PM | Item: PP-Bizon | Jungle Slipstream (Minimal Wear) | Float: 0.09314027428627014 | Price: 0.83 |
19/12/2022 11:56:36PM | Item: MP9 | Modest Threat (Field-Tested) | Float: 0.15365543961524963 | Price: 0.36 |
19/12/2022 11:57:01PM | Item: Sawed-Off | Black Sand (Field-Tested) | Float: 0.1560942381620407 | Price: 0.34 |
20/12/2022 12:02:51AM | Item: R8 Revolver | Nitro (Field-Tested) | Float: 0.23040109872817993 | Price: 0.43 |
20/12/2022 12:03:12AM | Item: MAC-10 | Calf Skin (Field-Tested) | Float: 0.20813266932964325 | Price: 0.42 |
20/12/2022 12:03:18AM | Item: MAC-10 | Calf Skin (Field-Tested) | Float: 0.2224346250295639 | Price: 0.42 |
20/12/2022 12:28:17AM | Item: MAC-10 | Calf Skin (Field-Tested) | Float: 0.2374052107334137 | Price: 0.42 |
20/12/2022 12:32:03AM | Item: MAC-10 | Classic Crate (Field-Tested) | Float: 0.1667851358652115 | Price: 0.38 |
20/12/2022 12:32:27AM | Item: Tec-9 | Flash Out (Field-Tested) | Float: 0.15983517467975616 | Price: 0.36 |
20/12/2022 12:54:57AM | Item: MAG-7 | Popdog (Field-Tested) | Float: 0.15456287562847137 | Price: 0.37 |
20/12/2022 02:07:52AM | Item: G3SG1 | Green Apple (Minimal Wear) | Float: 0.0849091038107872 | Price: 0.86 |
20/12/2022 02:30:08AM | Item: R8 Revolver | Nitro (Field-Tested) | Float: 0.1615941971540451 | Price: 0.42 |
20/12/2022 02:33:32AM | Item: Nova | Caged Steel (Minimal Wear) | Float: 0.08445147424936295 | Price: 0.87 |
20/12/2022 03:16:53AM | Item: MAC-10 | Calf Skin (Field-Tested) | Float: 0.18857678771018982 | Price: 0.42 |
20/12/2022 03:25:52AM | Item: Dual Berettas | Elite 1.6 (Field-Tested) | Float: 0.16765379905700684 | Price: 0.36 |
20/12/2022 03:25:58AM | Item: Dual Berettas | Elite 1.6 (Field-Tested) | Float: 0.17091363668441772 | Price: 0.36 |
20/12/2022 03:29:20AM | Item: MP9 | Modest Threat (Field-Tested) | Float: 0.15555065870285034 | Price: 0.35 |
20/12/2022 03:43:38AM | Item: Dual Berettas | Elite 1.6 (Field-Tested) | Float: 0.17091363668441772 | Price: 0.36 |
20/12/2022 04:37:52AM | Item: MP7 | Akoben (Minimal Wear) | Float: 0.09520287066698074 | Price: 0.8 |
20/12/2022 04:46:40AM | Item: Sawed-Off | Black Sand (Field-Tested) | Float: 0.1541256159543991 | Price: 0.34 |
20/12/2022 05:19:48AM | Item: MAC-10 | Calf Skin (Field-Tested) | Float: 0.20814764499664307 | Price: 0.42 |
20/12/2022 05:19:56AM | Item: MAC-10 | Calf Skin (Field-Tested) | Float: 0.19552375376224518 | Price: 0.43 |
20/12/2022 05:30:53AM | Item: Dual Berettas | Elite 1.6 (Field-Tested) | Float: 0.16806373000144958 | Price: 0.38 |
20/12/2022 05:43:09AM | Item: MAC-10 | Calf Skin (Field-Tested) | Float: 0.19552375376224518 | Price: 0.43 |
20/12/2022 06:09:56AM | Item: R8 Revolver | Nitro (Field-Tested) | Float: 0.1520446389913559 | Price: 0.42 |
20/12/2022 06:10:18AM | Item: MAC-10 | Calf Skin (Field-Tested) | Float: 0.24891777336597443 | Price: 0.43 |
20/12/2022 06:15:37AM | Item: Tec-9 | Flash Out (Field-Tested) | Float: 0.17128317058086395 | Price: 0.36 |
20/12/2022 06:28:55AM | Item: R8 Revolver | Nitro (Field-Tested) | Float: 0.236331507563591 | Price: 0.42 |
20/12/2022 06:29:17AM | Item: MAC-10 | Calf Skin (Field-Tested) | Float: 0.24040794372558594 | Price: 0.42 |
20/12/2022 06:30:12AM | Item: G3SG1 | Green Apple (Minimal Wear) | Float: 0.08405175805091858 | Price: 0.86 |
20/12/2022 06:33:54AM | Item: Tec-9 | Flash Out (Field-Tested) | Float: 0.1790209859609604 | Price: 0.32 |
20/12/2022 06:39:52AM | Item: Five-SeveN | Capillary (Minimal Wear) | Float: 0.10360601544380188 | Price: 0.8 |
20/12/2022 06:44:00AM | Item: MP9 | Modest Threat (Field-Tested) | Float: 0.1614130586385727 | Price: 0.36 |
20/12/2022 06:49:33AM | Item: R8 Revolver | Nitro (Field-Tested) | Float: 0.22385689616203308 | Price: 0.42 |
20/12/2022 06:51:23AM | Item: G3SG1 | Green Apple (Minimal Wear) | Float: 0.07302597165107727 | Price: 0.89 |
20/12/2022 07:01:43AM | Item: MP7 | Akoben (Minimal Wear) | Float: 0.0700998455286026 | Price: 0.84 |
20/12/2022 07:16:44AM | Item: R8 Revolver | Nitro (Field-Tested) | Float: 0.21708858013153076 | Price: 0.43 |
20/12/2022 07:17:06AM | Item: MAC-10 | Calf Skin (Field-Tested) | Float: 0.18926216661930084 | Price: 0.42 |
20/12/2022 07:17:12AM | Item: MAC-10 | Calf Skin (Field-Tested) | Float: 0.1690947562456131 | Price: 0.43 |
20/12/2022 07:17:19AM | Item: MAC-10 | Calf Skin (Field-Tested) | Float: 0.21156594157218933 | Price: 0.43 |
20/12/2022 07:29:17AM | Item: P250 | Ripple (Minimal Wear) | Float: 0.11152578890323639 | Price: 0.84 |
20/12/2022 07:29:56AM | Item: PP-Bizon | Jungle Slipstream (Minimal Wear) | Float: 0.12289835512638092 | Price: 0.84 |
